<?xml version="1.0" encoding="UTF-8"?>
<!-- Generated by org.testng.reporters.JUnitXMLReporter -->
<testsuite ignored="0" hostname="DESKTOP-K0ONJ7J" failures="0" tests="3" name="Default test" time="42.021" errors="0" timestamp="2025-03-11T12:42:26 IST">
  <testcase classname="com.demoqa.TestCases.UserLogin" name="validate_form_with_validData" time="6.999"/>
  <testcase classname="com.demoqa.TestCases.UserLogin" name="validate_form_with_validData" time="6.852"/>
  <testcase classname="com.demoqa.TestCases.UserLogin" name="validate_form_with_validData" time="6.876"/>
</testsuite> <!-- Default test -->
