<?xml version="1.0" encoding="UTF-8"?>
<testng-results ignored="0" total="1" passed="1" failed="0" skipped="0">
  <reporter-output>
  </reporter-output>
  <suite started-at="2025-03-11T19:27:59 IST" name="Default suite" finished-at="2025-03-11T19:28:26 IST" duration-ms="27352">
    <groups>
    </groups>
    <test started-at="2025-03-11T19:27:59 IST" name="Default test" finished-at="2025-03-11T19:28:26 IST" duration-ms="27352">
      <class name="com.demoqa.TestCases.DatePickerTest">
        <test-method is-config="true" signature="setUp()[pri:0, instance:com.demoqa.TestCases.DatePickerTest@3c7f66c4]" started-at="2025-03-11T19:27:59 IST" name="setUp" finished-at="2025-03-11T19:28:04 IST" duration-ms="5482" status="PASS">
          <reporter-output>
          </reporter-output>
        </test-method> <!-- setUp -->
        <test-method signature="Validate_userIs_Able_ToPick_Date()[pri:0, instance:com.demoqa.TestCases.DatePickerTest@3c7f66c4]" started-at="2025-03-11T19:28:04 IST" name="Validate_userIs_Able_ToPick_Date" finished-at="2025-03-11T19:28:24 IST" duration-ms="19703" status="PASS">
          <reporter-output>
          </reporter-output>
        </test-method> <!-- Validate_userIs_Able_ToPick_Date -->
        <test-method is-config="true" signature="tearDown()[pri:0, instance:com.demoqa.TestCases.DatePickerTest@3c7f66c4]" started-at="2025-03-11T19:28:24 IST" name="tearDown" finished-at="2025-03-11T19:28:26 IST" duration-ms="2096" status="PASS">
          <reporter-output>
          </reporter-output>
        </test-method> <!-- tearDown -->
      </class> <!-- com.demoqa.TestCases.DatePickerTest -->
    </test> <!-- Default test -->
  </suite> <!-- Default suite -->
</testng-results>
